1
0
1
ASSEMBLY
1
PART-1-1
PART-1
1
PART-1-1
14
-2147483646
0
48 1 16 5 0 1 0 -1 -1 7140 1 -1879048189 1 7140 
14
48 1 16 5 0 1 0 -1 -1 7140 1 -1879048189 1 7140 
0
1
PART-1-1
14
-2147483646
0
48 1 16 5 0 1 0 -1 -1 5360 1 -1879048189 1 5360 
14
48 1 16 5 0 1 0 -1 -1 5360 1 -1879048189 1 5360 
0
2
SET-1
0
1
0
1
PART-1-1
182
-2147483647
720 1 16 173 0 1 0 -1 -1 3012 1 -1073741821 1 5376 -1 -107374183 -107374183 -107374183 -107374183 -107374183 -107374183 -107374183 -107374183 -107374183 -107374183 -107374183 -107374183 -107374183 -107374183 -107374183 -107374183 -107374183 -107374183 -107374183 -107374183 -107374183 -107374183 -107374183 -107374183 -107374183 -107374183 -107374183 -107374183 -107374183 -107374183 -107374183 -107374183 -107374183 -107374183 -107374183 -107374183 -107374183 -107374183 -107374183 -107374183 -107374183 -107374183 -107374183 -107374183 -107374183 -107374183 -107374183 -107374183 -107374183 -107374183 -107374183 -107374183 -107374183 -107374183 -107374183 -107374183 -107374183 -107374183 -107374183 -107374183 -107374183 -107374183 -107374183 -107374183 -107374183 -1 -1 -107374183 -107374183 -107374183 -107374183 -107374183 -107374183 -107374183 -107374183 -107374183 -107374183 -107374183 -107374183 -107374183 -107374183 -107374183 -107374183 -107374183 -107374183 -107374183 -107374183 -107374183 -107374183 -107374183 -107374183 -107374183 -107374183 -107374183 -107374183 -107374183 -107374183 -107374183 -107374183 -107374183 -107374183 -107374183 -107374183 -107374183 -107374183 -107374183 -107374183 -107374183 -107374183 -107374183 -107374183 -107374183 -107374183 -107374183 -107374183 -107374183 -107374183 -107374183 -107374183 -107374183 -107374183 -107374183 -107374183 -107374183 -107374183 -107374183 -107374183 -107374183 -107374183 -107374183 -107374183 -107374183 -1 -1717986919 -1717986919 -1717986919 -1717986919 -1717986919 -1717986919 -1717986919 -1717986919 -1717986919 -1717986919 -1717986919 -1717986919 -1717986919 -1717986919 -1717986919 -1717986919 -1717986919 -1717986919 -1717986919 -1717986919 -1717986919 -1717986919 -1717986919 -1717986919 -1717986919 -1717986919 -1717986919 -1717986919 -1717986919 -1717986919 -1717986919 -1717986919 -1717986919 65535 
0
SET-2
0
1
0
1
PART-1-1
14
-2147483647
48 1 16 5 0 1 0 -1 -1 5360 1 -1879048189 1 5360 
0
1
PART-1-1
1
SET-3
0
1
14
-2147483647
48 1 16 5 0 1 0 -1 -1 5360 1 -1879048189 1 5360 
0
0
0
2
SET-1
0
1
0
1
PART-1-1
23
-2147483647
84 1 16 14 0 1 0 -1 -1 3369 4 -1879048186 -1879048184 -1879048182 -1879048180 1 1602 1801 1164 3163 198 3370 405 
0
SET-2
0
1
0
1
PART-1-1
14
-2147483647
48 1 16 5 0 1 0 -1 -1 7140 1 -1879048189 1 7140 
0
1
PART-1-1
1
SET-3
0
1
14
-2147483647
48 1 16 5 0 1 0 -1 -1 7140 1 -1879048189 1 7140 
0
0
0
0
0
