0
1
0
Assembly-1
1
PART-1-1
PART-1
1
PART-1-1
17
-2147483647
0
60 1 16 8 0 1 0 -1 -1 18362 2 -1879048188 -1879048186 1 18361 20000 1 
0
1
PART-1-1
14
-2147483647
0
48 1 16 5 0 1 0 -1 -1 18000 1 -1879048189 1 18000 
0
0
1
PART-1-1
2
ALLE
0
1
14
-2147483647
48 1 16 5 0 1 0 -1 -1 18000 1 -1879048189 1 18000 
0
0
EL_RIGHT
0
1
15
-2147483647
52 1 16 6 0 1 0 -1 -1 300 1 -1610612733 60 300 60 
0
0
0
0
1
PART-1-1
6
ALLN
0
1
17
-2147483647
60 1 16 8 0 1 0 -1 -1 18362 2 -1879048188 -1879048186 1 18361 20000 1 
0
0
BOTTOM
0
1
61
1 2 3 4 5 6 7 8 9 10 11 12 13 14 15 16 17 18 19 20 21 22 23 24 25 26 27 28 29 30 31 32 33 34 35 36 37 38 39 40 41 42 43 44 45 46 47 48 49 50 51 52 53 54 55 56 57 58 59 60 61 
0
0
FIC
0
1
1
20000 
0
0
LEFT
0
1
15
-2147483647
52 1 16 6 0 1 0 -1 -1 301 1 -1610612733 1 301 61 
0
0
RIGHT
0
1
15
-2147483647
52 1 16 6 0 1 0 -1 -1 301 1 -1610612733 61 301 61 
0
0
TOP
0
1
61
18301 18302 18303 18304 18305 18306 18307 18308 18309 18310 18311 18312 18313 18314 18315 18316 18317 18318 18319 18320 18321 18322 18323 18324 18325 18326 18327 18328 18329 18330 18331 18332 18333 18334 18335 18336 18337 18338 18339 18340 18341 18342 18343 18344 18345 18346 18347 18348 18349 18350 18351 18352 18353 18354 18355 18356 18357 18358 18359 18360 18361 
0
0
0
0
0
