1
0
1
ASSEMBLY
1
ELASTIC-HOLD-PLATE-1
ELASTIC-HOLD-PLATE
1
ELASTIC-HOLD-PLATE-1
14
-2147483646
0
48 1 16 5 0 1 0 -1 -1 4836 1 -1879048189 1 4836 
14
48 1 16 5 0 1 0 -1 -1 4836 1 -1879048189 1 4836 
0
1
ELASTIC-HOLD-PLATE-1
14
-2147483646
0
48 1 16 5 0 1 0 -1 -1 3026 1 -1879048189 1 3026 
14
48 1 16 5 0 1 0 -1 -1 3026 1 -1879048189 1 3026 
0
6
WHOLE_PART
0
1
0
1
ELASTIC-HOLD-PLATE-1
14
-2147483647
48 1 16 5 0 1 0 -1 -1 3026 1 -1879048189 1 3026 
0
XSYMM_SIDE
0
1
0
1
ELASTIC-HOLD-PLATE-1
112
883 884 885 886 887 888 889 890 891 892 893 894 895 896 897 898 899 900 901 902 903 1072 1073 1074 1075 1076 1077 1078 1079 1080 1081 1082 1083 1084 1085 1086 1087 1088 1089 1090 1091 1092 1399 1400 1404 1407 1415 1416 1418 1420 1422 1423 1424 1425 1426 1427 1428 1429 1430 1431 1432 1433 1434 1435 1436 1437 1438 1500 1504 1509 1521 1523 1526 1529 1539 1585 1614 2213 2214 2218 2221 2229 2230 2232 2234 2236 2237 2238 2239 2240 2241 2242 2243 2244 2245 2246 2247 2248 2249 2250 2251 2252 2314 2318 2323 2335 2337 2340 2343 2353 2399 2428 
0
YSYMM_SIDE
0
1
0
1
ELASTIC-HOLD-PLATE-1
106
1229 1230 1231 1232 1233 1234 1235 1236 1237 1238 1239 1240 1241 1242 1243 1244 1245 1382 1383 1384 1385 1386 1387 1388 1389 1390 1391 1392 1393 1394 1395 1396 1397 1398 1439 1460 1461 1463 1464 1465 1466 1467 1468 1469 1470 1471 1472 1473 1474 1475 1476 1477 1478 1479 1480 1481 1482 1484 1485 1487 1489 1490 1491 1508 1512 1518 1550 1564 1571 1578 2253 2274 2275 2277 2278 2279 2280 2281 2282 2283 2284 2285 2286 2287 2288 2289 2290 2291 2292 2293 2294 2295 2296 2298 2299 2301 2303 2304 2305 2322 2326 2332 2364 2378 2385 2392 
0
ZSYMM_SIDE
0
1
0
1
ELASTIC-HOLD-PLATE-1
14
-2147483647
48 1 16 5 0 1 0 -1 -1 3026 1 -1879048189 1 3026 
0
_SURF-1_S5
0
2
0
1
ELASTIC-HOLD-PLATE-1
34
41 42 83 84 125 126 167 168 209 210 251 252 293 294 335 336 377 378 419 420 461 462 503 504 545 546 587 588 629 630 671 672 713 714 
0
_SURF-1_S6
0
2
0
1
ELASTIC-HOLD-PLATE-1
18
715 736 757 778 799 820 841 862 883 904 925 946 967 988 1009 1030 1051 1072 
0
1
ELASTIC-HOLD-PLATE-1
1
SET-1
0
1
14
-2147483647
48 1 16 5 0 1 0 -1 -1 3026 1 -1879048189 1 3026 
0
0
0
4
WHOLE_PART
0
1
0
1
ELASTIC-HOLD-PLATE-1
14
-2147483647
48 1 16 5 0 1 0 -1 -1 4836 1 -1879048189 1 4836 
0
XSYMM_SIDE
0
1
0
1
ELASTIC-HOLD-PLATE-1
171
1283 1284 1285 1286 1287 1288 1289 1290 1291 1292 1293 1294 1295 1296 1297 1298 1299 1300 1301 1302 1334 1335 1336 1337 1338 1339 1340 1344 1345 1346 1347 1348 1349 1350 1353 1355 1371 1376 1377 1379 1380 1389 1393 1396 1402 1404 1418 1419 1420 1465 1469 1472 1473 1476 1477 1484 1485 1488 1489 1499 1514 1515 1516 1518 1526 1530 3440 3441 3442 3443 3444 3445 3446 3447 3448 3449 3450 3451 3452 3453 3454 3455 3456 3457 3458 3459 3460 3461 3462 3463 3464 3465 3466 3467 3468 3469 3470 3471 3472 3473 3474 3475 3479 3484 3490 3498 3499 3504 3509 3523 3548 3549 3550 3551 3552 3553 3554 3555 3556 3597 3598 3599 3600 3601 3602 3603 3604 3605 3606 3607 3619 3630 3642 3643 3644 3657 3658 3659 3660 3661 3662 3663 3667 3672 3675 3685 3692 3700 3705 3707 3711 3713 3718 3720 3722 3730 3739 3740 3741 3754 3755 3756 3757 3759 3761 3768 3773 3776 3777 3782 3787 
0
YSYMM_SIDE
0
1
0
1
ELASTIC-HOLD-PLATE-1
162
1783 1787 1793 1805 1820 1831 1850 1860 1861 1868 1874 1885 1901 1915 1920 1941 2003 2004 2005 2006 2007 2008 2009 2010 2011 2012 2013 2014 2015 2016 2017 2018 2032 2074 2075 2076 2077 2078 2083 2084 2085 2086 2087 2092 2093 2094 2095 2106 2119 2120 2122 2123 2134 2135 3375 3376 3377 3378 3379 3380 3381 3382 3383 3384 3385 3386 3387 3388 3389 3390 3391 3392 3393 3394 3395 3396 3397 3398 3399 3400 3401 3402 3403 3404 3405 3406 3407 3408 3409 3482 3483 3488 3496 3497 3501 3506 3508 3511 3519 3567 3568 3569 3570 3571 3572 3573 3574 3575 3576 3577 3578 3579 3580 3581 3582 3583 3584 3585 3586 3587 3588 3617 3618 3625 3649 3650 3651 3652 3653 3664 3666 3676 3677 3681 3690 3696 3702 3703 3704 3714 3716 3719 3723 3726 3745 3746 3747 3748 3749 3750 3751 3752 3763 3770 3771 3780 3786 3789 3790 3791 3792 3793 
0
ZSYMM_SIDE
0
1
0
1
ELASTIC-HOLD-PLATE-1
52
-2147483647
200 1 16 43 0 1 0 -1 -1 3224 13 -1879048177 -1342177263 -1879048171 -1879048169 -1879048167 -1879048165 -1879048163 -1879048161 -1879048159 -1879048157 -1879048155 -1879048153 -1879048151 1 1 3 2 395 3 1188 79 1303 50 1354 162 1517 106 1784 90 1875 112 2019 122 2269 1106 3474 248 3723 25 3749 333 
0
1
ELASTIC-HOLD-PLATE-1
1
SET-1
0
1
14
-2147483647
48 1 16 5 0 1 0 -1 -1 4836 1 -1879048189 1 4836 
0
0
0
0
1
SURF-1
0
0
0
1
ELASTIC-HOLD-PLATE-1
0
0
2
S5
34
41 42 83 84 125 126 167 168 209 210 251 252 293 294 335 336 377 378 419 420 461 462 503 504 545 546 587 588 629 630 671 672 713 714 
S6
18
715 736 757 778 799 820 841 862 883 904 925 946 967 988 1009 1030 1051 1072 
