1
0
1
ASSEMBLY
1
PART-1-1
PART-1
1
PART-1-1
14
-2147483646
0
48 1 16 5 0 1 0 -1 -1 5780 1 -1879048189 1 5780 
14
48 1 16 5 0 1 0 -1 -1 5780 1 -1879048189 1 5780 
0
1
PART-1-1
14
-2147483646
0
48 1 16 5 0 1 0 -1 -1 4288 1 -1879048189 1 4288 
14
48 1 16 5 0 1 0 -1 -1 4288 1 -1879048189 1 4288 
0
3
SET-2
0
1
0
1
PART-1-1
137
21 45 69 93 117 141 165 189 213 237 261 285 309 333 357 381 405 429 453 477 501 525 549 573 597 621 645 669 693 717 741 765 789 813 837 861 885 909 933 957 981 1005 1029 1053 1077 1101 1125 1149 1173 1197 1221 1245 1269 1293 1317 1341 1365 1389 1413 1437 1461 1485 1509 1533 1557 1581 1605 1632 1656 1680 1704 1728 1752 1776 1800 1824 1848 1872 1896 1920 1944 1968 1992 2016 2040 2064 2088 2112 2136 2160 2184 2208 2232 2256 2280 2304 2328 2352 2376 2400 2424 2448 2472 2496 2520 2544 2568 2592 2616 2640 2664 2688 2712 2736 2760 2784 2808 2832 2856 2880 2904 2928 2952 2976 3000 3024 3048 3072 3096 3120 3144 3168 3192 3213 3214 3215 3216 
0
SET-3
0
1
0
1
PART-1-1
14
-2147483647
48 1 16 5 0 1 0 -1 -1 4288 1 -1879048189 1 4288 
0
SET-4
0
1
0
1
PART-1-1
148
-2147483647
584 1 16 139 0 1 0 -1 -1 2460 1 -1073741821 1 4288 -1711276033 -1717962343 -107374087 -1711695463 -1717962343 -107374087 -1711695463 -1717962343 -107374087 -1711695463 -1717962343 -107374087 -1711695463 -1717962343 -107374087 -1711695463 -1717962343 -107374087 -1711695463 -1717962343 -107374087 -1711695463 -1717962343 -107374087 -1711695463 -1717962343 -107374087 -1711695463 -1717962343 -107374087 -1711695463 -1717962343 -107374087 -1711695463 -1717962343 -107374087 -1711695463 -1717962343 -107374087 -1711695463 -1717962343 -107374087 -1711695463 -1717962343 -107374087 -1711695463 -1717962343 -107374087 -1711695463 -1639 -1 -1711695463 -1717962343 -107374087 -1711695463 -1717962343 -107374087 -1711695463 -1717962343 -107374087 -1711695463 -1717962343 -107374087 -1711695463 -1717962343 -107374087 -1711695463 -1717962343 -107374087 -1711695463 -1717962343 -107374087 -1711695463 -1717962343 -107374087 -1711695463 -1717962343 -107374087 -1711695463 -1717962343 -107374087 -1711695463 -1717962343 -107374087 -1711695463 -1717962343 -107374087 -1711695463 -1717962343 -107374087 -1711695463 -1717962343 -107374087 -1711695463 -1717962343 -107374087 -1711695463 -1717962343 -107374087 -419431 -1717960705 -1717986919 -1717986919 -1717986919 -1717986919 -1717986919 -1717986919 -1717986919 -1717986919 -1717986919 -1717986919 -1717986919 -1717986919 -1717986919 -1717986919 -1717986919 -1717986919 -1717986919 -1717986919 -1717986919 -1717986919 -1717986919 -1717986919 -1717986919 -1717986919 -1717986919 -1717986919 -1717986919 -1717986919 -1717986919 -1717986919 -1717986919 -1717986919 -26215 
0
1
PART-1-1
1
SET-9
0
1
14
-2147483647
48 1 16 5 0 1 0 -1 -1 4288 1 -1879048189 1 4288 
0
0
0
3
SET-2
0
1
0
1
PART-1-1
140
4 7 11 14 15 49 50 51 52 53 54 55 56 57 58 59 60 61 62 63 64 65 66 67 68 69 70 71 72 73 74 75 76 77 78 79 80 81 82 83 84 85 86 87 88 89 90 91 92 93 94 95 96 97 98 99 100 101 102 103 104 105 106 107 108 109 110 111 112 113 114 337 338 339 477 478 479 480 481 482 483 484 485 486 487 488 489 490 491 492 493 494 495 496 497 498 499 500 501 502 503 504 505 506 507 508 509 510 511 512 513 514 515 516 517 518 519 520 521 522 523 524 525 526 527 528 529 530 531 532 533 534 535 536 537 538 539 540 541 542 
0
SET-3
0
1
0
1
PART-1-1
14
-2147483647
48 1 16 5 0 1 0 -1 -1 5780 1 -1879048189 1 5780 
0
SET-4
0
1
0
1
PART-1-1
23
-2147483647
84 1 16 14 0 1 0 -1 -1 2801 4 -1879048186 -1879048184 -1879048182 -1879048180 1 1310 1509 888 2595 198 2802 405 
0
1
PART-1-1
1
SET-9
0
1
14
-2147483647
48 1 16 5 0 1 0 -1 -1 5780 1 -1879048189 1 5780 
0
0
0
0
0
